

*******************************************************************************
Tue Feb  7 11:48:51 2023


FIT:    data read from 'J_points.txt' u 1:2
        format = x:z
        #datapoints = 4
        residuals are weighted equally (unit weight)

function used for fitting: f(x)
	f(x)= a + b*x + c*x**2 + d*x**3
fitted parameters initialized with current variable values

iter      chisq       delta/lim  lambda   a             b             c             d            
   0 2.8956666809e+04   0.00e+00  3.67e+01    1.000000e+00   1.000000e+00   1.000000e+00   1.000000e+00
   9 2.2088105346e-29   0.00e+00  3.67e-08    2.004260e+01  -3.981315e+00   2.589686e-01   2.615845e-03

After 9 iterations the fit converged.
final sum of squares of residuals : 2.20881e-29
rel. change during last iteration : 0


Exactly as many data points as there are parameters.
In this degenerate case, all errors are zero by definition.

Final set of parameters 
======================= 

a               = 20.0426        
b               = -3.98132       
c               = 0.258969       
d               = 0.00261584     


*******************************************************************************
Tue Feb  7 11:48:51 2023


FIT:    data read from 'J_points.txt' u 1:2
        format = x:z
        #datapoints = 4
        residuals are weighted equally (unit weight)

function used for fitting: f(x)
	f(x)= a + b*x + c*x**2 + d*x**3
fitted parameters initialized with current variable values

iter      chisq       delta/lim  lambda   a             b             c             d            
   0 2.8956666809e+04   0.00e+00  3.67e+01    1.000000e+00   1.000000e+00   1.000000e+00   1.000000e+00
   9 2.2088105346e-29   0.00e+00  3.67e-08    2.004260e+01  -3.981315e+00   2.589686e-01   2.615845e-03

After 9 iterations the fit converged.
final sum of squares of residuals : 2.20881e-29
rel. change during last iteration : 0


Exactly as many data points as there are parameters.
In this degenerate case, all errors are zero by definition.

Final set of parameters 
======================= 

a               = 20.0426        
b               = -3.98132       
c               = 0.258969       
d               = 0.00261584     


*******************************************************************************
Tue Feb  7 11:48:51 2023


FIT:    data read from 'J_points.txt' u 1:3
        format = x:z
        #datapoints = 4
        residuals are weighted equally (unit weight)

function used for fitting: f(x)
	f(x)= a + b*x + c*x**2 + d*x**3
fitted parameters initialized with current variable values

iter      chisq       delta/lim  lambda   a             b             c             d            
   0 2.8738425069e+04   0.00e+00  3.67e+01    1.000000e+00   1.000000e+00   1.000000e+00   1.000000e+00
  10 3.1554436209e-30   0.00e+00  3.67e-01    1.654260e+01  -1.859865e+00  -1.098655e-01   2.354260e-02

After 10 iterations the fit converged.
final sum of squares of residuals : 3.15544e-30
rel. change during last iteration : 0


Exactly as many data points as there are parameters.
In this degenerate case, all errors are zero by definition.

Final set of parameters 
======================= 

a               = 16.5426        
b               = -1.85987       
c               = -0.109865      
d               = 0.0235426      


*******************************************************************************
Tue Feb  7 11:48:51 2023


FIT:    data read from 'J_points.txt' u 1:4
        format = x:z
        #datapoints = 4
        residuals are weighted equally (unit weight)

function used for fitting: f(x)
	f(x)= a + b*x + c*x**2 + d*x**3
fitted parameters initialized with current variable values

iter      chisq       delta/lim  lambda   a             b             c             d            
   0 2.9528278238e+04   0.00e+00  3.67e+01    1.000000e+00   1.000000e+00   1.000000e+00   1.000000e+00
   9 0.0000000000e+00  -inf       3.67e-08    1.646413e+01  -4.569880e+00   8.396861e-01  -6.801196e-02

After 9 iterations the fit converged.
final sum of squares of residuals : 0
abs. change during last iteration : -7.09975e-30


Exactly as many data points as there are parameters.
In this degenerate case, all errors are zero by definition.

Final set of parameters 
======================= 

a               = 16.4641        
b               = -4.56988       
c               = 0.839686       
d               = -0.068012      


*******************************************************************************
Tue Feb  7 11:48:51 2023


FIT:    data read from 'J_points.txt' u 1:5
        format = x:z
        #datapoints = 4
        residuals are weighted equally (unit weight)

function used for fitting: f(x)
	f(x)= a + b*x + c*x**2 + d*x**3
fitted parameters initialized with current variable values

iter      chisq       delta/lim  lambda   a             b             c             d            
   0 3.0486784512e+04   0.00e+00  3.67e+01    1.000000e+00   1.000000e+00   1.000000e+00   1.000000e+00
  10 3.9443045261e-30   0.00e+00  3.67e+00    1.674664e+01  -3.667414e+00   1.726457e-01   1.046338e-02

After 10 iterations the fit converged.
final sum of squares of residuals : 3.9443e-30
rel. change during last iteration : 0


Exactly as many data points as there are parameters.
In this degenerate case, all errors are zero by definition.

Final set of parameters 
======================= 

a               = 16.7466        
b               = -3.66741       
c               = 0.172646       
d               = 0.0104634      


*******************************************************************************
Tue Feb  7 11:48:51 2023


FIT:    data read from 'J_points.txt' u 1:6
        format = x:z
        #datapoints = 4
        residuals are weighted equally (unit weight)

function used for fitting: f(x)
	f(x)= a + b*x + c*x**2 + d*x**3
fitted parameters initialized with current variable values

iter      chisq       delta/lim  lambda   a             b             c             d            
   0 3.0419604346e+04   0.00e+00  3.67e+01    1.000000e+00   1.000000e+00   1.000000e+00   1.000000e+00
  19 2.5396587983e-26   0.00e+00  3.67e+01    1.075112e+01  -1.734305e+00   1.020179e-01   1.176776e-13

After 19 iterations the fit converged.
final sum of squares of residuals : 2.53966e-26
rel. change during last iteration : 0


Exactly as many data points as there are parameters.
In this degenerate case, all errors are zero by definition.

Final set of parameters 
======================= 

a               = 10.7511        
b               = -1.7343        
c               = 0.102018       
d               = 1.17678e-13    


*******************************************************************************
Tue Feb  7 11:48:51 2023


FIT:    data read from 'J_points.txt' u 1:7
        format = x:z
        #datapoints = 4
        residuals are weighted equally (unit weight)

function used for fitting: f(x)
	f(x)= a + b*x + c*x**2 + d*x**3
fitted parameters initialized with current variable values

iter      chisq       delta/lim  lambda   a             b             c             d            
   0 3.1488147645e+04   0.00e+00  3.67e+01    1.000000e+00   1.000000e+00   1.000000e+00   1.000000e+00
  11 7.8886090522e-31   0.00e+00  3.67e-10    7.031390e+00  -1.674141e-01  -3.845291e-01   4.970105e-02

After 11 iterations the fit converged.
final sum of squares of residuals : 7.88861e-31
abs. change during last iteration : 0


Exactly as many data points as there are parameters.
In this degenerate case, all errors are zero by definition.

Final set of parameters 
======================= 

a               = 7.03139        
b               = -0.167414      
c               = -0.384529      
d               = 0.049701       


*******************************************************************************
Tue Feb  7 11:48:51 2023


FIT:    data read from 'J_points.txt' u 1:8
        format = x:z
        #datapoints = 4
        residuals are weighted equally (unit weight)

function used for fitting: f(x)
	f(x)= a + b*x + c*x**2 + d*x**3
fitted parameters initialized with current variable values

iter      chisq       delta/lim  lambda   a             b             c             d            
   0 3.1456961969e+04   0.00e+00  3.67e+01    1.000000e+00   1.000000e+00   1.000000e+00   1.000000e+00
   9 2.2088105346e-29   0.00e+00  3.67e-02    1.680942e+01  -1.059940e+01   2.691704e+00  -2.223468e-01

After 9 iterations the fit converged.
final sum of squares of residuals : 2.20881e-29
rel. change during last iteration : 0


Exactly as many data points as there are parameters.
In this degenerate case, all errors are zero by definition.

Final set of parameters 
======================= 

a               = 16.8094        
b               = -10.5994       
c               = 2.6917         
d               = -0.222347      


*******************************************************************************
Tue Feb  7 11:48:51 2023


FIT:    data read from 'J_points.txt' u 1:9
        format = x:z
        #datapoints = 4
        residuals are weighted equally (unit weight)

function used for fitting: f(x)
	f(x)= a + b*x + c*x**2 + d*x**3
fitted parameters initialized with current variable values

iter      chisq       delta/lim  lambda   a             b             c             d            
   0 3.2927087318e+04   0.00e+00  3.67e+01    1.000000e+00   1.000000e+00   1.000000e+00   1.000000e+00
  11 7.8886090522e-31   0.00e+00  3.67e+00    5.775785e+00  -3.259342e+00   7.455157e-01  -6.016442e-02

After 11 iterations the fit converged.
final sum of squares of residuals : 7.88861e-31
abs. change during last iteration : 0


Exactly as many data points as there are parameters.
In this degenerate case, all errors are zero by definition.

Final set of parameters 
======================= 

a               = 5.77578        
b               = -3.25934       
c               = 0.745516       
d               = -0.0601644     


*******************************************************************************
Sat Feb 11 15:20:25 2023


FIT:    data read from 'J_points.txt' u 1:2
        format = x:z
        #datapoints = 4
        residuals are weighted equally (unit weight)

function used for fitting: f(x)
	f(x)= a + b*x + c*x**2
fitted parameters initialized with current variable values

iter      chisq       delta/lim  lambda   a             b             c            
   0 7.8097622615e+02   0.00e+00  9.29e+00    1.000000e+00   1.000000e+00   1.000000e+00
   6 1.2316756822e-05  -1.12e-04  9.29e-06    2.013599e+01  -4.072085e+00   2.864350e-01

After 6 iterations the fit converged.
final sum of squares of residuals : 1.23168e-05
rel. change during last iteration : -1.12078e-09

degrees of freedom    (FIT_NDF)                        : 1
rms of residuals      (FIT_STDFIT) = sqrt(WSSR/ndf)    : 0.00350952
variance of residuals (reduced chisquare) = WSSR/ndf   : 1.23168e-05

Final set of parameters            Asymptotic Standard Error
=======================            ==========================
a               = 20.136           +/- 0.02015      (0.1%)
b               = -4.07209         +/- 0.01238      (0.3041%)
c               = 0.286435         +/- 0.001755     (0.6126%)

correlation matrix of the fit parameters:
                a      b      c      
a               1.000 
b              -0.985  1.000 
c               0.958 -0.992  1.000 


*******************************************************************************
Sat Feb 11 15:20:25 2023


FIT:    data read from 'J_points.txt' u 1:2
        format = x:z
        #datapoints = 4
        residuals are weighted equally (unit weight)

function used for fitting: f(x)
	f(x)= a + b*x + c*x**2
fitted parameters initialized with current variable values

iter      chisq       delta/lim  lambda   a             b             c            
   0 7.8097622615e+02   0.00e+00  9.29e+00    1.000000e+00   1.000000e+00   1.000000e+00
   6 1.2316756822e-05  -1.12e-04  9.29e-06    2.013599e+01  -4.072085e+00   2.864350e-01

After 6 iterations the fit converged.
final sum of squares of residuals : 1.23168e-05
rel. change during last iteration : -1.12078e-09

degrees of freedom    (FIT_NDF)                        : 1
rms of residuals      (FIT_STDFIT) = sqrt(WSSR/ndf)    : 0.00350952
variance of residuals (reduced chisquare) = WSSR/ndf   : 1.23168e-05

Final set of parameters            Asymptotic Standard Error
=======================            ==========================
a               = 20.136           +/- 0.02015      (0.1%)
b               = -4.07209         +/- 0.01238      (0.3041%)
c               = 0.286435         +/- 0.001755     (0.6126%)

correlation matrix of the fit parameters:
                a      b      c      
a               1.000 
b              -0.985  1.000 
c               0.958 -0.992  1.000 


*******************************************************************************
Sat Feb 11 15:20:25 2023


FIT:    data read from 'J_points.txt' u 1:3
        format = x:z
        #datapoints = 4
        residuals are weighted equally (unit weight)

function used for fitting: f(x)
	f(x)= a + b*x + c*x**2
fitted parameters initialized with current variable values

iter      chisq       delta/lim  lambda   a             b             c            
   0 7.3942955318e+02   0.00e+00  9.29e+00    1.000000e+00   1.000000e+00   1.000000e+00
   6 9.9765730258e-04  -9.69e-07  9.29e-06    1.738307e+01  -2.676794e+00   1.373318e-01

After 6 iterations the fit converged.
final sum of squares of residuals : 0.000997657
rel. change during last iteration : -9.6851e-12

degrees of freedom    (FIT_NDF)                        : 1
rms of residuals      (FIT_STDFIT) = sqrt(WSSR/ndf)    : 0.0315857
variance of residuals (reduced chisquare) = WSSR/ndf   : 0.000997657

Final set of parameters            Asymptotic Standard Error
=======================            ==========================
a               = 17.3831          +/- 0.1813       (1.043%)
b               = -2.67679         +/- 0.1114       (4.164%)
c               = 0.137332         +/- 0.01579      (11.5%)

correlation matrix of the fit parameters:
                a      b      c      
a               1.000 
b              -0.985  1.000 
c               0.958 -0.992  1.000 


*******************************************************************************
Sat Feb 11 15:20:25 2023


FIT:    data read from 'J_points.txt' u 1:4
        format = x:z
        #datapoints = 4
        residuals are weighted equally (unit weight)

function used for fitting: f(x)
	f(x)= a + b*x + c*x**2
fitted parameters initialized with current variable values

iter      chisq       delta/lim  lambda   a             b             c            
   0 8.3866837258e+02   0.00e+00  9.29e+00    1.000000e+00   1.000000e+00   1.000000e+00
   6 8.3261276117e-03  -7.42e-08  9.29e-06    1.403610e+01  -2.209865e+00   1.255605e-01

After 6 iterations the fit converged.
final sum of squares of residuals : 0.00832613
rel. change during last iteration : -7.41924e-13

degrees of freedom    (FIT_NDF)                        : 1
rms of residuals      (FIT_STDFIT) = sqrt(WSSR/ndf)    : 0.0912476
variance of residuals (reduced chisquare) = WSSR/ndf   : 0.00832613

Final set of parameters            Asymptotic Standard Error
=======================            ==========================
a               = 14.0361          +/- 0.5238       (3.732%)
b               = -2.20987         +/- 0.322        (14.57%)
c               = 0.125561         +/- 0.04562      (36.34%)

correlation matrix of the fit parameters:
                a      b      c      
a               1.000 
b              -0.985  1.000 
c               0.958 -0.992  1.000 


*******************************************************************************
Sat Feb 11 15:20:25 2023


FIT:    data read from 'J_points.txt' u 1:5
        format = x:z
        #datapoints = 4
        residuals are weighted equally (unit weight)

function used for fitting: f(x)
	f(x)= a + b*x + c*x**2
fitted parameters initialized with current variable values

iter      chisq       delta/lim  lambda   a             b             c            
   0 1.0066768887e+03   0.00e+00  9.29e+00    1.000000e+00   1.000000e+00   1.000000e+00
   6 1.9706810915e-04  -5.21e-06  9.29e-06    1.712018e+01  -4.030493e+00   2.825112e-01

After 6 iterations the fit converged.
final sum of squares of residuals : 0.000197068
rel. change during last iteration : -5.21227e-11

degrees of freedom    (FIT_NDF)                        : 1
rms of residuals      (FIT_STDFIT) = sqrt(WSSR/ndf)    : 0.0140381
variance of residuals (reduced chisquare) = WSSR/ndf   : 0.000197068

Final set of parameters            Asymptotic Standard Error
=======================            ==========================
a               = 17.1202          +/- 0.08058      (0.4707%)
b               = -4.03049         +/- 0.04953      (1.229%)
c               = 0.282511         +/- 0.007019     (2.485%)

correlation matrix of the fit parameters:
                a      b      c      
a               1.000 
b              -0.985  1.000 
c               0.958 -0.992  1.000 


*******************************************************************************
Sat Feb 11 15:20:25 2023


FIT:    data read from 'J_points.txt' u 1:6
        format = x:z
        #datapoints = 4
        residuals are weighted equally (unit weight)

function used for fitting: f(x)
	f(x)= a + b*x + c*x**2
fitted parameters initialized with current variable values

iter      chisq       delta/lim  lambda   a             b             c            
   0 9.8046084780e+02   0.00e+00  9.29e+00    1.000000e+00   1.000000e+00   1.000000e+00
   9 7.8886090522e-31   0.00e+00  9.29e-02    1.075112e+01  -1.734305e+00   1.020179e-01

After 9 iterations the fit converged.
final sum of squares of residuals : 7.88861e-31
abs. change during last iteration : 0


Hmmmm.... Sum of squared residuals is zero. Can't compute errors.

Final set of parameters 
======================= 

a               = 10.7511        
b               = -1.7343        
c               = 0.102018       


*******************************************************************************
Sat Feb 11 15:20:25 2023


FIT:    data read from 'J_points.txt' u 1:7
        format = x:z
        #datapoints = 4
        residuals are weighted equally (unit weight)

function used for fitting: f(x)
	f(x)= a + b*x + c*x**2
fitted parameters initialized with current variable values

iter      chisq       delta/lim  lambda   a             b             c            
   0 1.1815691699e+03   0.00e+00  9.29e+00    1.000000e+00   1.000000e+00   1.000000e+00
   6 4.4463492127e-03  -5.61e-08  9.29e-06    8.805717e+00  -1.892040e+00   1.373318e-01

After 6 iterations the fit converged.
final sum of squares of residuals : 0.00444635
rel. change during last iteration : -5.60639e-13

degrees of freedom    (FIT_NDF)                        : 1
rms of residuals      (FIT_STDFIT) = sqrt(WSSR/ndf)    : 0.066681
variance of residuals (reduced chisquare) = WSSR/ndf   : 0.00444635

Final set of parameters            Asymptotic Standard Error
=======================            ==========================
a               = 8.80572          +/- 0.3828       (4.347%)
b               = -1.89204         +/- 0.2353       (12.44%)
c               = 0.137332         +/- 0.03334      (24.28%)

correlation matrix of the fit parameters:
                a      b      c      
a               1.000 
b              -0.985  1.000 
c               0.958 -0.992  1.000 


*******************************************************************************
Sat Feb 11 15:20:25 2023


FIT:    data read from 'J_points.txt' u 1:8
        format = x:z
        #datapoints = 4
        residuals are weighted equally (unit weight)

function used for fitting: f(x)
	f(x)= a + b*x + c*x**2
fitted parameters initialized with current variable values

iter      chisq       delta/lim  lambda   a             b             c            
   0 1.1829036729e+03   0.00e+00  9.29e+00    1.000000e+00   1.000000e+00   1.000000e+00
   6 8.8988568039e-02  -3.34e-09  9.29e-06    8.871637e+00  -2.883969e+00   3.570628e-01

After 6 iterations the fit converged.
final sum of squares of residuals : 0.0889886
rel. change during last iteration : -3.33733e-14

degrees of freedom    (FIT_NDF)                        : 1
rms of residuals      (FIT_STDFIT) = sqrt(WSSR/ndf)    : 0.29831
variance of residuals (reduced chisquare) = WSSR/ndf   : 0.0889886

Final set of parameters            Asymptotic Standard Error
=======================            ==========================
a               = 8.87164          +/- 1.712        (19.3%)
b               = -2.88397         +/- 1.053        (36.5%)
c               = 0.357063         +/- 0.1492       (41.77%)

correlation matrix of the fit parameters:
                a      b      c      
a               1.000 
b              -0.985  1.000 
c               0.958 -0.992  1.000 


*******************************************************************************
Sat Feb 11 15:20:25 2023


FIT:    data read from 'J_points.txt' u 1:9
        format = x:z
        #datapoints = 4
        residuals are weighted equally (unit weight)

function used for fitting: f(x)
	f(x)= a + b*x + c*x**2
fitted parameters initialized with current variable values

iter      chisq       delta/lim  lambda   a             b             c            
   0 1.5012622062e+03   0.00e+00  9.29e+00    1.000000e+00   1.000000e+00   1.000000e+00
   6 6.5155643588e-03  -6.48e-09  9.29e-06    3.627915e+00  -1.171637e+00   1.137892e-01

After 6 iterations the fit converged.
final sum of squares of residuals : 0.00651556
rel. change during last iteration : -6.48302e-14

degrees of freedom    (FIT_NDF)                        : 1
rms of residuals      (FIT_STDFIT) = sqrt(WSSR/ndf)    : 0.080719
variance of residuals (reduced chisquare) = WSSR/ndf   : 0.00651556

Final set of parameters            Asymptotic Standard Error
=======================            ==========================
a               = 3.62791          +/- 0.4633       (12.77%)
b               = -1.17164         +/- 0.2848       (24.31%)
c               = 0.113789         +/- 0.04036      (35.47%)

correlation matrix of the fit parameters:
                a      b      c      
a               1.000 
b              -0.985  1.000 
c               0.958 -0.992  1.000 


*******************************************************************************
Sat Feb 11 15:25:37 2023


FIT:    data read from 'J_points.txt' u 1:2
        format = x:z
        #datapoints = 4
        residuals are weighted equally (unit weight)

function used for fitting: f(x)
	f(x)= a + b*x + c*x**2
fitted parameters initialized with current variable values

iter      chisq       delta/lim  lambda   a             b             c            
   0 7.8097622615e+02   0.00e+00  9.29e+00    1.000000e+00   1.000000e+00   1.000000e+00
   6 1.2316756822e-05  -1.12e-04  9.29e-06    2.013599e+01  -4.072085e+00   2.864350e-01

After 6 iterations the fit converged.
final sum of squares of residuals : 1.23168e-05
rel. change during last iteration : -1.12078e-09

degrees of freedom    (FIT_NDF)                        : 1
rms of residuals      (FIT_STDFIT) = sqrt(WSSR/ndf)    : 0.00350952
variance of residuals (reduced chisquare) = WSSR/ndf   : 1.23168e-05

Final set of parameters            Asymptotic Standard Error
=======================            ==========================
a               = 20.136           +/- 0.02015      (0.1%)
b               = -4.07209         +/- 0.01238      (0.3041%)
c               = 0.286435         +/- 0.001755     (0.6126%)

correlation matrix of the fit parameters:
                a      b      c      
a               1.000 
b              -0.985  1.000 
c               0.958 -0.992  1.000 


*******************************************************************************
Sat Feb 11 15:25:37 2023


FIT:    data read from 'J_points.txt' u 1:3
        format = x:z
        #datapoints = 4
        residuals are weighted equally (unit weight)

function used for fitting: f(x)
	f(x)= a + b*x + c*x**2
fitted parameters initialized with current variable values

iter      chisq       delta/lim  lambda   a             b             c            
   0 7.3942955318e+02   0.00e+00  9.29e+00    1.000000e+00   1.000000e+00   1.000000e+00
   6 9.9765730258e-04  -9.69e-07  9.29e-06    1.738307e+01  -2.676794e+00   1.373318e-01

After 6 iterations the fit converged.
final sum of squares of residuals : 0.000997657
rel. change during last iteration : -9.6851e-12

degrees of freedom    (FIT_NDF)                        : 1
rms of residuals      (FIT_STDFIT) = sqrt(WSSR/ndf)    : 0.0315857
variance of residuals (reduced chisquare) = WSSR/ndf   : 0.000997657

Final set of parameters            Asymptotic Standard Error
=======================            ==========================
a               = 17.3831          +/- 0.1813       (1.043%)
b               = -2.67679         +/- 0.1114       (4.164%)
c               = 0.137332         +/- 0.01579      (11.5%)

correlation matrix of the fit parameters:
                a      b      c      
a               1.000 
b              -0.985  1.000 
c               0.958 -0.992  1.000 


*******************************************************************************
Sat Feb 11 15:25:37 2023


FIT:    data read from 'J_points.txt' u 1:4
        format = x:z
        #datapoints = 4
        residuals are weighted equally (unit weight)

function used for fitting: f(x)
	f(x)= a + b*x + c*x**2
fitted parameters initialized with current variable values

iter      chisq       delta/lim  lambda   a             b             c            
   0 8.3866837258e+02   0.00e+00  9.29e+00    1.000000e+00   1.000000e+00   1.000000e+00
   6 8.3261276117e-03  -7.42e-08  9.29e-06    1.403610e+01  -2.209865e+00   1.255605e-01

After 6 iterations the fit converged.
final sum of squares of residuals : 0.00832613
rel. change during last iteration : -7.41924e-13

degrees of freedom    (FIT_NDF)                        : 1
rms of residuals      (FIT_STDFIT) = sqrt(WSSR/ndf)    : 0.0912476
variance of residuals (reduced chisquare) = WSSR/ndf   : 0.00832613

Final set of parameters            Asymptotic Standard Error
=======================            ==========================
a               = 14.0361          +/- 0.5238       (3.732%)
b               = -2.20987         +/- 0.322        (14.57%)
c               = 0.125561         +/- 0.04562      (36.34%)

correlation matrix of the fit parameters:
                a      b      c      
a               1.000 
b              -0.985  1.000 
c               0.958 -0.992  1.000 


*******************************************************************************
Sat Feb 11 15:25:37 2023


FIT:    data read from 'J_points.txt' u 1:5
        format = x:z
        #datapoints = 4
        residuals are weighted equally (unit weight)

function used for fitting: f(x)
	f(x)= a + b*x + c*x**2
fitted parameters initialized with current variable values

iter      chisq       delta/lim  lambda   a             b             c            
   0 1.0066768887e+03   0.00e+00  9.29e+00    1.000000e+00   1.000000e+00   1.000000e+00
   6 1.9706810915e-04  -5.21e-06  9.29e-06    1.712018e+01  -4.030493e+00   2.825112e-01

After 6 iterations the fit converged.
final sum of squares of residuals : 0.000197068
rel. change during last iteration : -5.21227e-11

degrees of freedom    (FIT_NDF)                        : 1
rms of residuals      (FIT_STDFIT) = sqrt(WSSR/ndf)    : 0.0140381
variance of residuals (reduced chisquare) = WSSR/ndf   : 0.000197068

Final set of parameters            Asymptotic Standard Error
=======================            ==========================
a               = 17.1202          +/- 0.08058      (0.4707%)
b               = -4.03049         +/- 0.04953      (1.229%)
c               = 0.282511         +/- 0.007019     (2.485%)

correlation matrix of the fit parameters:
                a      b      c      
a               1.000 
b              -0.985  1.000 
c               0.958 -0.992  1.000 


*******************************************************************************
Sat Feb 11 15:25:37 2023


FIT:    data read from 'J_points.txt' u 1:6
        format = x:z
        #datapoints = 4
        residuals are weighted equally (unit weight)

function used for fitting: f(x)
	f(x)= a + b*x + c*x**2
fitted parameters initialized with current variable values

iter      chisq       delta/lim  lambda   a             b             c            
   0 9.8046084780e+02   0.00e+00  9.29e+00    1.000000e+00   1.000000e+00   1.000000e+00
   9 7.8886090522e-31   0.00e+00  9.29e-02    1.075112e+01  -1.734305e+00   1.020179e-01

After 9 iterations the fit converged.
final sum of squares of residuals : 7.88861e-31
abs. change during last iteration : 0


Hmmmm.... Sum of squared residuals is zero. Can't compute errors.

Final set of parameters 
======================= 

a               = 10.7511        
b               = -1.7343        
c               = 0.102018       


*******************************************************************************
Sat Feb 11 15:25:37 2023


FIT:    data read from 'J_points.txt' u 1:7
        format = x:z
        #datapoints = 4
        residuals are weighted equally (unit weight)

function used for fitting: f(x)
	f(x)= a + b*x + c*x**2
fitted parameters initialized with current variable values

iter      chisq       delta/lim  lambda   a             b             c            
   0 1.1815691699e+03   0.00e+00  9.29e+00    1.000000e+00   1.000000e+00   1.000000e+00
   6 4.4463492127e-03  -5.61e-08  9.29e-06    8.805717e+00  -1.892040e+00   1.373318e-01

After 6 iterations the fit converged.
final sum of squares of residuals : 0.00444635
rel. change during last iteration : -5.60639e-13

degrees of freedom    (FIT_NDF)                        : 1
rms of residuals      (FIT_STDFIT) = sqrt(WSSR/ndf)    : 0.066681
variance of residuals (reduced chisquare) = WSSR/ndf   : 0.00444635

Final set of parameters            Asymptotic Standard Error
=======================            ==========================
a               = 8.80572          +/- 0.3828       (4.347%)
b               = -1.89204         +/- 0.2353       (12.44%)
c               = 0.137332         +/- 0.03334      (24.28%)

correlation matrix of the fit parameters:
                a      b      c      
a               1.000 
b              -0.985  1.000 
c               0.958 -0.992  1.000 


*******************************************************************************
Sat Feb 11 15:25:37 2023


FIT:    data read from 'J_points.txt' u 1:8
        format = x:z
        #datapoints = 4
        residuals are weighted equally (unit weight)

function used for fitting: f(x)
	f(x)= a + b*x + c*x**2
fitted parameters initialized with current variable values

iter      chisq       delta/lim  lambda   a             b             c            
   0 1.1829036729e+03   0.00e+00  9.29e+00    1.000000e+00   1.000000e+00   1.000000e+00
   6 8.8988568039e-02  -3.34e-09  9.29e-06    8.871637e+00  -2.883969e+00   3.570628e-01

After 6 iterations the fit converged.
final sum of squares of residuals : 0.0889886
rel. change during last iteration : -3.33733e-14

degrees of freedom    (FIT_NDF)                        : 1
rms of residuals      (FIT_STDFIT) = sqrt(WSSR/ndf)    : 0.29831
variance of residuals (reduced chisquare) = WSSR/ndf   : 0.0889886

Final set of parameters            Asymptotic Standard Error
=======================            ==========================
a               = 8.87164          +/- 1.712        (19.3%)
b               = -2.88397         +/- 1.053        (36.5%)
c               = 0.357063         +/- 0.1492       (41.77%)

correlation matrix of the fit parameters:
                a      b      c      
a               1.000 
b              -0.985  1.000 
c               0.958 -0.992  1.000 


*******************************************************************************
Sat Feb 11 15:25:37 2023


FIT:    data read from 'J_points.txt' u 1:9
        format = x:z
        #datapoints = 4
        residuals are weighted equally (unit weight)

function used for fitting: f(x)
	f(x)= a + b*x + c*x**2
fitted parameters initialized with current variable values

iter      chisq       delta/lim  lambda   a             b             c            
   0 1.5012622062e+03   0.00e+00  9.29e+00    1.000000e+00   1.000000e+00   1.000000e+00
   6 6.5155643588e-03  -6.48e-09  9.29e-06    3.627915e+00  -1.171637e+00   1.137892e-01

After 6 iterations the fit converged.
final sum of squares of residuals : 0.00651556
rel. change during last iteration : -6.48302e-14

degrees of freedom    (FIT_NDF)                        : 1
rms of residuals      (FIT_STDFIT) = sqrt(WSSR/ndf)    : 0.080719
variance of residuals (reduced chisquare) = WSSR/ndf   : 0.00651556

Final set of parameters            Asymptotic Standard Error
=======================            ==========================
a               = 3.62791          +/- 0.4633       (12.77%)
b               = -1.17164         +/- 0.2848       (24.31%)
c               = 0.113789         +/- 0.04036      (35.47%)

correlation matrix of the fit parameters:
                a      b      c      
a               1.000 
b              -0.985  1.000 
c               0.958 -0.992  1.000 


*******************************************************************************
Sat Feb 11 15:26:31 2023


FIT:    data read from 'J_points.txt' u 1:2
        format = x:z
        #datapoints = 4
        residuals are weighted equally (unit weight)

function used for fitting: f(x)
	f(x)= a + b*x + c*x**2
fitted parameters initialized with current variable values

iter      chisq       delta/lim  lambda   a             b             c            
   0 7.8097622615e+02   0.00e+00  9.29e+00    1.000000e+00   1.000000e+00   1.000000e+00
   6 1.2316756822e-05  -1.12e-04  9.29e-06    2.013599e+01  -4.072085e+00   2.864350e-01

After 6 iterations the fit converged.
final sum of squares of residuals : 1.23168e-05
rel. change during last iteration : -1.12078e-09

degrees of freedom    (FIT_NDF)                        : 1
rms of residuals      (FIT_STDFIT) = sqrt(WSSR/ndf)    : 0.00350952
variance of residuals (reduced chisquare) = WSSR/ndf   : 1.23168e-05

Final set of parameters            Asymptotic Standard Error
=======================            ==========================
a               = 20.136           +/- 0.02015      (0.1%)
b               = -4.07209         +/- 0.01238      (0.3041%)
c               = 0.286435         +/- 0.001755     (0.6126%)

correlation matrix of the fit parameters:
                a      b      c      
a               1.000 
b              -0.985  1.000 
c               0.958 -0.992  1.000 


*******************************************************************************
Sat Feb 11 15:26:31 2023


FIT:    data read from 'J_points.txt' u 1:3
        format = x:z
        #datapoints = 4
        residuals are weighted equally (unit weight)

function used for fitting: f(x)
	f(x)= a + b*x + c*x**2
fitted parameters initialized with current variable values

iter      chisq       delta/lim  lambda   a             b             c            
   0 7.3942955318e+02   0.00e+00  9.29e+00    1.000000e+00   1.000000e+00   1.000000e+00
   6 9.9765730258e-04  -9.69e-07  9.29e-06    1.738307e+01  -2.676794e+00   1.373318e-01

After 6 iterations the fit converged.
final sum of squares of residuals : 0.000997657
rel. change during last iteration : -9.6851e-12

degrees of freedom    (FIT_NDF)                        : 1
rms of residuals      (FIT_STDFIT) = sqrt(WSSR/ndf)    : 0.0315857
variance of residuals (reduced chisquare) = WSSR/ndf   : 0.000997657

Final set of parameters            Asymptotic Standard Error
=======================            ==========================
a               = 17.3831          +/- 0.1813       (1.043%)
b               = -2.67679         +/- 0.1114       (4.164%)
c               = 0.137332         +/- 0.01579      (11.5%)

correlation matrix of the fit parameters:
                a      b      c      
a               1.000 
b              -0.985  1.000 
c               0.958 -0.992  1.000 


*******************************************************************************
Sat Feb 11 15:26:31 2023


FIT:    data read from 'J_points.txt' u 1:4
        format = x:z
        #datapoints = 4
        residuals are weighted equally (unit weight)

function used for fitting: f(x)
	f(x)= a + b*x + c*x**2
fitted parameters initialized with current variable values

iter      chisq       delta/lim  lambda   a             b             c            
   0 8.3866837258e+02   0.00e+00  9.29e+00    1.000000e+00   1.000000e+00   1.000000e+00
   6 8.3261276117e-03  -7.42e-08  9.29e-06    1.403610e+01  -2.209865e+00   1.255605e-01

After 6 iterations the fit converged.
final sum of squares of residuals : 0.00832613
rel. change during last iteration : -7.41924e-13

degrees of freedom    (FIT_NDF)                        : 1
rms of residuals      (FIT_STDFIT) = sqrt(WSSR/ndf)    : 0.0912476
variance of residuals (reduced chisquare) = WSSR/ndf   : 0.00832613

Final set of parameters            Asymptotic Standard Error
=======================            ==========================
a               = 14.0361          +/- 0.5238       (3.732%)
b               = -2.20987         +/- 0.322        (14.57%)
c               = 0.125561         +/- 0.04562      (36.34%)

correlation matrix of the fit parameters:
                a      b      c      
a               1.000 
b              -0.985  1.000 
c               0.958 -0.992  1.000 


*******************************************************************************
Sat Feb 11 15:26:31 2023


FIT:    data read from 'J_points.txt' u 1:5
        format = x:z
        #datapoints = 4
        residuals are weighted equally (unit weight)

function used for fitting: f(x)
	f(x)= a + b*x + c*x**2
fitted parameters initialized with current variable values

iter      chisq       delta/lim  lambda   a             b             c            
   0 1.0066768887e+03   0.00e+00  9.29e+00    1.000000e+00   1.000000e+00   1.000000e+00
   6 1.9706810915e-04  -5.21e-06  9.29e-06    1.712018e+01  -4.030493e+00   2.825112e-01

After 6 iterations the fit converged.
final sum of squares of residuals : 0.000197068
rel. change during last iteration : -5.21227e-11

degrees of freedom    (FIT_NDF)                        : 1
rms of residuals      (FIT_STDFIT) = sqrt(WSSR/ndf)    : 0.0140381
variance of residuals (reduced chisquare) = WSSR/ndf   : 0.000197068

Final set of parameters            Asymptotic Standard Error
=======================            ==========================
a               = 17.1202          +/- 0.08058      (0.4707%)
b               = -4.03049         +/- 0.04953      (1.229%)
c               = 0.282511         +/- 0.007019     (2.485%)

correlation matrix of the fit parameters:
                a      b      c      
a               1.000 
b              -0.985  1.000 
c               0.958 -0.992  1.000 


*******************************************************************************
Sat Feb 11 15:26:31 2023


FIT:    data read from 'J_points.txt' u 1:6
        format = x:z
        #datapoints = 4
        residuals are weighted equally (unit weight)

function used for fitting: f(x)
	f(x)= a + b*x + c*x**2
fitted parameters initialized with current variable values

iter      chisq       delta/lim  lambda   a             b             c            
   0 9.8046084780e+02   0.00e+00  9.29e+00    1.000000e+00   1.000000e+00   1.000000e+00
   9 7.8886090522e-31   0.00e+00  9.29e-02    1.075112e+01  -1.734305e+00   1.020179e-01

After 9 iterations the fit converged.
final sum of squares of residuals : 7.88861e-31
abs. change during last iteration : 0


Hmmmm.... Sum of squared residuals is zero. Can't compute errors.

Final set of parameters 
======================= 

a               = 10.7511        
b               = -1.7343        
c               = 0.102018       


*******************************************************************************
Sat Feb 11 15:26:31 2023


FIT:    data read from 'J_points.txt' u 1:7
        format = x:z
        #datapoints = 4
        residuals are weighted equally (unit weight)

function used for fitting: f(x)
	f(x)= a + b*x + c*x**2
fitted parameters initialized with current variable values

iter      chisq       delta/lim  lambda   a             b             c            
   0 1.1815691699e+03   0.00e+00  9.29e+00    1.000000e+00   1.000000e+00   1.000000e+00
   6 4.4463492127e-03  -5.61e-08  9.29e-06    8.805717e+00  -1.892040e+00   1.373318e-01

After 6 iterations the fit converged.
final sum of squares of residuals : 0.00444635
rel. change during last iteration : -5.60639e-13

degrees of freedom    (FIT_NDF)                        : 1
rms of residuals      (FIT_STDFIT) = sqrt(WSSR/ndf)    : 0.066681
variance of residuals (reduced chisquare) = WSSR/ndf   : 0.00444635

Final set of parameters            Asymptotic Standard Error
=======================            ==========================
a               = 8.80572          +/- 0.3828       (4.347%)
b               = -1.89204         +/- 0.2353       (12.44%)
c               = 0.137332         +/- 0.03334      (24.28%)

correlation matrix of the fit parameters:
                a      b      c      
a               1.000 
b              -0.985  1.000 
c               0.958 -0.992  1.000 


*******************************************************************************
Sat Feb 11 15:26:31 2023


FIT:    data read from 'J_points.txt' u 1:8
        format = x:z
        #datapoints = 4
        residuals are weighted equally (unit weight)

function used for fitting: f(x)
	f(x)= a + b*x + c*x**2
fitted parameters initialized with current variable values

iter      chisq       delta/lim  lambda   a             b             c            
   0 1.1829036729e+03   0.00e+00  9.29e+00    1.000000e+00   1.000000e+00   1.000000e+00
   6 8.8988568039e-02  -3.34e-09  9.29e-06    8.871637e+00  -2.883969e+00   3.570628e-01

After 6 iterations the fit converged.
final sum of squares of residuals : 0.0889886
rel. change during last iteration : -3.33733e-14

degrees of freedom    (FIT_NDF)                        : 1
rms of residuals      (FIT_STDFIT) = sqrt(WSSR/ndf)    : 0.29831
variance of residuals (reduced chisquare) = WSSR/ndf   : 0.0889886

Final set of parameters            Asymptotic Standard Error
=======================            ==========================
a               = 8.87164          +/- 1.712        (19.3%)
b               = -2.88397         +/- 1.053        (36.5%)
c               = 0.357063         +/- 0.1492       (41.77%)

correlation matrix of the fit parameters:
                a      b      c      
a               1.000 
b              -0.985  1.000 
c               0.958 -0.992  1.000 


*******************************************************************************
Sat Feb 11 15:26:31 2023


FIT:    data read from 'J_points.txt' u 1:9
        format = x:z
        #datapoints = 4
        residuals are weighted equally (unit weight)

function used for fitting: f(x)
	f(x)= a + b*x + c*x**2
fitted parameters initialized with current variable values

iter      chisq       delta/lim  lambda   a             b             c            
   0 1.5012622062e+03   0.00e+00  9.29e+00    1.000000e+00   1.000000e+00   1.000000e+00
   6 6.5155643588e-03  -6.48e-09  9.29e-06    3.627915e+00  -1.171637e+00   1.137892e-01

After 6 iterations the fit converged.
final sum of squares of residuals : 0.00651556
rel. change during last iteration : -6.48302e-14

degrees of freedom    (FIT_NDF)                        : 1
rms of residuals      (FIT_STDFIT) = sqrt(WSSR/ndf)    : 0.080719
variance of residuals (reduced chisquare) = WSSR/ndf   : 0.00651556

Final set of parameters            Asymptotic Standard Error
=======================            ==========================
a               = 3.62791          +/- 0.4633       (12.77%)
b               = -1.17164         +/- 0.2848       (24.31%)
c               = 0.113789         +/- 0.04036      (35.47%)

correlation matrix of the fit parameters:
                a      b      c      
a               1.000 
b              -0.985  1.000 
c               0.958 -0.992  1.000 


*******************************************************************************
Sat Feb 11 15:26:51 2023


FIT:    data read from 'J_points.txt' u 1:2
        format = x:z
        #datapoints = 4
        residuals are weighted equally (unit weight)

function used for fitting: f(x)
	f(x)= a + b*x + c*x**2
fitted parameters initialized with current variable values

iter      chisq       delta/lim  lambda   a             b             c            
   0 7.8097622615e+02   0.00e+00  9.29e+00    1.000000e+00   1.000000e+00   1.000000e+00
   6 1.2316756822e-05  -1.12e-04  9.29e-06    2.013599e+01  -4.072085e+00   2.864350e-01

After 6 iterations the fit converged.
final sum of squares of residuals : 1.23168e-05
rel. change during last iteration : -1.12078e-09

degrees of freedom    (FIT_NDF)                        : 1
rms of residuals      (FIT_STDFIT) = sqrt(WSSR/ndf)    : 0.00350952
variance of residuals (reduced chisquare) = WSSR/ndf   : 1.23168e-05

Final set of parameters            Asymptotic Standard Error
=======================            ==========================
a               = 20.136           +/- 0.02015      (0.1%)
b               = -4.07209         +/- 0.01238      (0.3041%)
c               = 0.286435         +/- 0.001755     (0.6126%)

correlation matrix of the fit parameters:
                a      b      c      
a               1.000 
b              -0.985  1.000 
c               0.958 -0.992  1.000 


*******************************************************************************
Sat Feb 11 15:26:51 2023


FIT:    data read from 'J_points.txt' u 1:3
        format = x:z
        #datapoints = 4
        residuals are weighted equally (unit weight)

function used for fitting: f(x)
	f(x)= a + b*x + c*x**2
fitted parameters initialized with current variable values

iter      chisq       delta/lim  lambda   a             b             c            
   0 7.3942955318e+02   0.00e+00  9.29e+00    1.000000e+00   1.000000e+00   1.000000e+00
   6 9.9765730258e-04  -9.69e-07  9.29e-06    1.738307e+01  -2.676794e+00   1.373318e-01

After 6 iterations the fit converged.
final sum of squares of residuals : 0.000997657
rel. change during last iteration : -9.6851e-12

degrees of freedom    (FIT_NDF)                        : 1
rms of residuals      (FIT_STDFIT) = sqrt(WSSR/ndf)    : 0.0315857
variance of residuals (reduced chisquare) = WSSR/ndf   : 0.000997657

Final set of parameters            Asymptotic Standard Error
=======================            ==========================
a               = 17.3831          +/- 0.1813       (1.043%)
b               = -2.67679         +/- 0.1114       (4.164%)
c               = 0.137332         +/- 0.01579      (11.5%)

correlation matrix of the fit parameters:
                a      b      c      
a               1.000 
b              -0.985  1.000 
c               0.958 -0.992  1.000 


*******************************************************************************
Sat Feb 11 15:26:51 2023


FIT:    data read from 'J_points.txt' u 1:4
        format = x:z
        #datapoints = 4
        residuals are weighted equally (unit weight)

function used for fitting: f(x)
	f(x)= a + b*x + c*x**2
fitted parameters initialized with current variable values

iter      chisq       delta/lim  lambda   a             b             c            
   0 8.3866837258e+02   0.00e+00  9.29e+00    1.000000e+00   1.000000e+00   1.000000e+00
   6 8.3261276117e-03  -7.42e-08  9.29e-06    1.403610e+01  -2.209865e+00   1.255605e-01

After 6 iterations the fit converged.
final sum of squares of residuals : 0.00832613
rel. change during last iteration : -7.41924e-13

degrees of freedom    (FIT_NDF)                        : 1
rms of residuals      (FIT_STDFIT) = sqrt(WSSR/ndf)    : 0.0912476
variance of residuals (reduced chisquare) = WSSR/ndf   : 0.00832613

Final set of parameters            Asymptotic Standard Error
=======================            ==========================
a               = 14.0361          +/- 0.5238       (3.732%)
b               = -2.20987         +/- 0.322        (14.57%)
c               = 0.125561         +/- 0.04562      (36.34%)

correlation matrix of the fit parameters:
                a      b      c      
a               1.000 
b              -0.985  1.000 
c               0.958 -0.992  1.000 


*******************************************************************************
Sat Feb 11 15:26:51 2023


FIT:    data read from 'J_points.txt' u 1:5
        format = x:z
        #datapoints = 4
        residuals are weighted equally (unit weight)

function used for fitting: f(x)
	f(x)= a + b*x + c*x**2
fitted parameters initialized with current variable values

iter      chisq       delta/lim  lambda   a             b             c            
   0 1.0066768887e+03   0.00e+00  9.29e+00    1.000000e+00   1.000000e+00   1.000000e+00
   6 1.9706810915e-04  -5.21e-06  9.29e-06    1.712018e+01  -4.030493e+00   2.825112e-01

After 6 iterations the fit converged.
final sum of squares of residuals : 0.000197068
rel. change during last iteration : -5.21227e-11

degrees of freedom    (FIT_NDF)                        : 1
rms of residuals      (FIT_STDFIT) = sqrt(WSSR/ndf)    : 0.0140381
variance of residuals (reduced chisquare) = WSSR/ndf   : 0.000197068

Final set of parameters            Asymptotic Standard Error
=======================            ==========================
a               = 17.1202          +/- 0.08058      (0.4707%)
b               = -4.03049         +/- 0.04953      (1.229%)
c               = 0.282511         +/- 0.007019     (2.485%)

correlation matrix of the fit parameters:
                a      b      c      
a               1.000 
b              -0.985  1.000 
c               0.958 -0.992  1.000 


*******************************************************************************
Sat Feb 11 15:26:51 2023


FIT:    data read from 'J_points.txt' u 1:6
        format = x:z
        #datapoints = 4
        residuals are weighted equally (unit weight)

function used for fitting: f(x)
	f(x)= a + b*x + c*x**2
fitted parameters initialized with current variable values

iter      chisq       delta/lim  lambda   a             b             c            
   0 9.8046084780e+02   0.00e+00  9.29e+00    1.000000e+00   1.000000e+00   1.000000e+00
   9 7.8886090522e-31   0.00e+00  9.29e-02    1.075112e+01  -1.734305e+00   1.020179e-01

After 9 iterations the fit converged.
final sum of squares of residuals : 7.88861e-31
abs. change during last iteration : 0


Hmmmm.... Sum of squared residuals is zero. Can't compute errors.

Final set of parameters 
======================= 

a               = 10.7511        
b               = -1.7343        
c               = 0.102018       


*******************************************************************************
Sat Feb 11 15:26:51 2023


FIT:    data read from 'J_points.txt' u 1:7
        format = x:z
        #datapoints = 4
        residuals are weighted equally (unit weight)

function used for fitting: f(x)
	f(x)= a + b*x + c*x**2
fitted parameters initialized with current variable values

iter      chisq       delta/lim  lambda   a             b             c            
   0 1.1815691699e+03   0.00e+00  9.29e+00    1.000000e+00   1.000000e+00   1.000000e+00
   6 4.4463492127e-03  -5.61e-08  9.29e-06    8.805717e+00  -1.892040e+00   1.373318e-01

After 6 iterations the fit converged.
final sum of squares of residuals : 0.00444635
rel. change during last iteration : -5.60639e-13

degrees of freedom    (FIT_NDF)                        : 1
rms of residuals      (FIT_STDFIT) = sqrt(WSSR/ndf)    : 0.066681
variance of residuals (reduced chisquare) = WSSR/ndf   : 0.00444635

Final set of parameters            Asymptotic Standard Error
=======================            ==========================
a               = 8.80572          +/- 0.3828       (4.347%)
b               = -1.89204         +/- 0.2353       (12.44%)
c               = 0.137332         +/- 0.03334      (24.28%)

correlation matrix of the fit parameters:
                a      b      c      
a               1.000 
b              -0.985  1.000 
c               0.958 -0.992  1.000 


*******************************************************************************
Sat Feb 11 15:26:51 2023


FIT:    data read from 'J_points.txt' u 1:8
        format = x:z
        #datapoints = 4
        residuals are weighted equally (unit weight)

function used for fitting: f(x)
	f(x)= a + b*x + c*x**2
fitted parameters initialized with current variable values

iter      chisq       delta/lim  lambda   a             b             c            
   0 1.1829036729e+03   0.00e+00  9.29e+00    1.000000e+00   1.000000e+00   1.000000e+00
   6 8.8988568039e-02  -3.34e-09  9.29e-06    8.871637e+00  -2.883969e+00   3.570628e-01

After 6 iterations the fit converged.
final sum of squares of residuals : 0.0889886
rel. change during last iteration : -3.33733e-14

degrees of freedom    (FIT_NDF)                        : 1
rms of residuals      (FIT_STDFIT) = sqrt(WSSR/ndf)    : 0.29831
variance of residuals (reduced chisquare) = WSSR/ndf   : 0.0889886

Final set of parameters            Asymptotic Standard Error
=======================            ==========================
a               = 8.87164          +/- 1.712        (19.3%)
b               = -2.88397         +/- 1.053        (36.5%)
c               = 0.357063         +/- 0.1492       (41.77%)

correlation matrix of the fit parameters:
                a      b      c      
a               1.000 
b              -0.985  1.000 
c               0.958 -0.992  1.000 


*******************************************************************************
Sat Feb 11 15:26:51 2023


FIT:    data read from 'J_points.txt' u 1:9
        format = x:z
        #datapoints = 4
        residuals are weighted equally (unit weight)

function used for fitting: f(x)
	f(x)= a + b*x + c*x**2
fitted parameters initialized with current variable values

iter      chisq       delta/lim  lambda   a             b             c            
   0 1.5012622062e+03   0.00e+00  9.29e+00    1.000000e+00   1.000000e+00   1.000000e+00
   6 6.5155643588e-03  -6.48e-09  9.29e-06    3.627915e+00  -1.171637e+00   1.137892e-01

After 6 iterations the fit converged.
final sum of squares of residuals : 0.00651556
rel. change during last iteration : -6.48302e-14

degrees of freedom    (FIT_NDF)                        : 1
rms of residuals      (FIT_STDFIT) = sqrt(WSSR/ndf)    : 0.080719
variance of residuals (reduced chisquare) = WSSR/ndf   : 0.00651556

Final set of parameters            Asymptotic Standard Error
=======================            ==========================
a               = 3.62791          +/- 0.4633       (12.77%)
b               = -1.17164         +/- 0.2848       (24.31%)
c               = 0.113789         +/- 0.04036      (35.47%)

correlation matrix of the fit parameters:
                a      b      c      
a               1.000 
b              -0.985  1.000 
c               0.958 -0.992  1.000 


*******************************************************************************
Sat Feb 11 15:27:14 2023


FIT:    data read from 'J_points.txt' u 1:2
        format = x:z
        #datapoints = 4
        residuals are weighted equally (unit weight)

function used for fitting: f(x)
	f(x)= a + b*x + c*x**2
fitted parameters initialized with current variable values

iter      chisq       delta/lim  lambda   a             b             c            
   0 7.8097622615e+02   0.00e+00  9.29e+00    1.000000e+00   1.000000e+00   1.000000e+00
   6 1.2316756822e-05  -1.12e-04  9.29e-06    2.013599e+01  -4.072085e+00   2.864350e-01

After 6 iterations the fit converged.
final sum of squares of residuals : 1.23168e-05
rel. change during last iteration : -1.12078e-09

degrees of freedom    (FIT_NDF)                        : 1
rms of residuals      (FIT_STDFIT) = sqrt(WSSR/ndf)    : 0.00350952
variance of residuals (reduced chisquare) = WSSR/ndf   : 1.23168e-05

Final set of parameters            Asymptotic Standard Error
=======================            ==========================
a               = 20.136           +/- 0.02015      (0.1%)
b               = -4.07209         +/- 0.01238      (0.3041%)
c               = 0.286435         +/- 0.001755     (0.6126%)

correlation matrix of the fit parameters:
                a      b      c      
a               1.000 
b              -0.985  1.000 
c               0.958 -0.992  1.000 


*******************************************************************************
Sat Feb 11 15:27:14 2023


FIT:    data read from 'J_points.txt' u 1:3
        format = x:z
        #datapoints = 4
        residuals are weighted equally (unit weight)

function used for fitting: f(x)
	f(x)= a + b*x + c*x**2
fitted parameters initialized with current variable values

iter      chisq       delta/lim  lambda   a             b             c            
   0 7.3942955318e+02   0.00e+00  9.29e+00    1.000000e+00   1.000000e+00   1.000000e+00
   6 9.9765730258e-04  -9.69e-07  9.29e-06    1.738307e+01  -2.676794e+00   1.373318e-01

After 6 iterations the fit converged.
final sum of squares of residuals : 0.000997657
rel. change during last iteration : -9.6851e-12

degrees of freedom    (FIT_NDF)                        : 1
rms of residuals      (FIT_STDFIT) = sqrt(WSSR/ndf)    : 0.0315857
variance of residuals (reduced chisquare) = WSSR/ndf   : 0.000997657

Final set of parameters            Asymptotic Standard Error
=======================            ==========================
a               = 17.3831          +/- 0.1813       (1.043%)
b               = -2.67679         +/- 0.1114       (4.164%)
c               = 0.137332         +/- 0.01579      (11.5%)

correlation matrix of the fit parameters:
                a      b      c      
a               1.000 
b              -0.985  1.000 
c               0.958 -0.992  1.000 


*******************************************************************************
Sat Feb 11 15:27:14 2023


FIT:    data read from 'J_points.txt' u 1:4
        format = x:z
        #datapoints = 4
        residuals are weighted equally (unit weight)

function used for fitting: f(x)
	f(x)= a + b*x + c*x**2
fitted parameters initialized with current variable values

iter      chisq       delta/lim  lambda   a             b             c            
   0 8.3866837258e+02   0.00e+00  9.29e+00    1.000000e+00   1.000000e+00   1.000000e+00
   6 8.3261276117e-03  -7.42e-08  9.29e-06    1.403610e+01  -2.209865e+00   1.255605e-01

After 6 iterations the fit converged.
final sum of squares of residuals : 0.00832613
rel. change during last iteration : -7.41924e-13

degrees of freedom    (FIT_NDF)                        : 1
rms of residuals      (FIT_STDFIT) = sqrt(WSSR/ndf)    : 0.0912476
variance of residuals (reduced chisquare) = WSSR/ndf   : 0.00832613

Final set of parameters            Asymptotic Standard Error
=======================            ==========================
a               = 14.0361          +/- 0.5238       (3.732%)
b               = -2.20987         +/- 0.322        (14.57%)
c               = 0.125561         +/- 0.04562      (36.34%)

correlation matrix of the fit parameters:
                a      b      c      
a               1.000 
b              -0.985  1.000 
c               0.958 -0.992  1.000 


*******************************************************************************
Sat Feb 11 15:27:14 2023


FIT:    data read from 'J_points.txt' u 1:5
        format = x:z
        #datapoints = 4
        residuals are weighted equally (unit weight)

function used for fitting: f(x)
	f(x)= a + b*x + c*x**2
fitted parameters initialized with current variable values

iter      chisq       delta/lim  lambda   a             b             c            
   0 1.0066768887e+03   0.00e+00  9.29e+00    1.000000e+00   1.000000e+00   1.000000e+00
   6 1.9706810915e-04  -5.21e-06  9.29e-06    1.712018e+01  -4.030493e+00   2.825112e-01

After 6 iterations the fit converged.
final sum of squares of residuals : 0.000197068
rel. change during last iteration : -5.21227e-11

degrees of freedom    (FIT_NDF)                        : 1
rms of residuals      (FIT_STDFIT) = sqrt(WSSR/ndf)    : 0.0140381
variance of residuals (reduced chisquare) = WSSR/ndf   : 0.000197068

Final set of parameters            Asymptotic Standard Error
=======================            ==========================
a               = 17.1202          +/- 0.08058      (0.4707%)
b               = -4.03049         +/- 0.04953      (1.229%)
c               = 0.282511         +/- 0.007019     (2.485%)

correlation matrix of the fit parameters:
                a      b      c      
a               1.000 
b              -0.985  1.000 
c               0.958 -0.992  1.000 


*******************************************************************************
Sat Feb 11 15:27:14 2023


FIT:    data read from 'J_points.txt' u 1:6
        format = x:z
        #datapoints = 4
        residuals are weighted equally (unit weight)

function used for fitting: f(x)
	f(x)= a + b*x + c*x**2
fitted parameters initialized with current variable values

iter      chisq       delta/lim  lambda   a             b             c            
   0 9.8046084780e+02   0.00e+00  9.29e+00    1.000000e+00   1.000000e+00   1.000000e+00
   9 7.8886090522e-31   0.00e+00  9.29e-02    1.075112e+01  -1.734305e+00   1.020179e-01

After 9 iterations the fit converged.
final sum of squares of residuals : 7.88861e-31
abs. change during last iteration : 0


Hmmmm.... Sum of squared residuals is zero. Can't compute errors.

Final set of parameters 
======================= 

a               = 10.7511        
b               = -1.7343        
c               = 0.102018       


*******************************************************************************
Sat Feb 11 15:27:14 2023


FIT:    data read from 'J_points.txt' u 1:7
        format = x:z
        #datapoints = 4
        residuals are weighted equally (unit weight)

function used for fitting: f(x)
	f(x)= a + b*x + c*x**2
fitted parameters initialized with current variable values

iter      chisq       delta/lim  lambda   a             b             c            
   0 1.1815691699e+03   0.00e+00  9.29e+00    1.000000e+00   1.000000e+00   1.000000e+00
   6 4.4463492127e-03  -5.61e-08  9.29e-06    8.805717e+00  -1.892040e+00   1.373318e-01

After 6 iterations the fit converged.
final sum of squares of residuals : 0.00444635
rel. change during last iteration : -5.60639e-13

degrees of freedom    (FIT_NDF)                        : 1
rms of residuals      (FIT_STDFIT) = sqrt(WSSR/ndf)    : 0.066681
variance of residuals (reduced chisquare) = WSSR/ndf   : 0.00444635

Final set of parameters            Asymptotic Standard Error
=======================            ==========================
a               = 8.80572          +/- 0.3828       (4.347%)
b               = -1.89204         +/- 0.2353       (12.44%)
c               = 0.137332         +/- 0.03334      (24.28%)

correlation matrix of the fit parameters:
                a      b      c      
a               1.000 
b              -0.985  1.000 
c               0.958 -0.992  1.000 


*******************************************************************************
Sat Feb 11 15:27:14 2023


FIT:    data read from 'J_points.txt' u 1:8
        format = x:z
        #datapoints = 4
        residuals are weighted equally (unit weight)

function used for fitting: f(x)
	f(x)= a + b*x + c*x**2
fitted parameters initialized with current variable values

iter      chisq       delta/lim  lambda   a             b             c            
   0 1.1829036729e+03   0.00e+00  9.29e+00    1.000000e+00   1.000000e+00   1.000000e+00
   6 8.8988568039e-02  -3.34e-09  9.29e-06    8.871637e+00  -2.883969e+00   3.570628e-01

After 6 iterations the fit converged.
final sum of squares of residuals : 0.0889886
rel. change during last iteration : -3.33733e-14

degrees of freedom    (FIT_NDF)                        : 1
rms of residuals      (FIT_STDFIT) = sqrt(WSSR/ndf)    : 0.29831
variance of residuals (reduced chisquare) = WSSR/ndf   : 0.0889886

Final set of parameters            Asymptotic Standard Error
=======================            ==========================
a               = 8.87164          +/- 1.712        (19.3%)
b               = -2.88397         +/- 1.053        (36.5%)
c               = 0.357063         +/- 0.1492       (41.77%)

correlation matrix of the fit parameters:
                a      b      c      
a               1.000 
b              -0.985  1.000 
c               0.958 -0.992  1.000 


*******************************************************************************
Sat Feb 11 15:27:14 2023


FIT:    data read from 'J_points.txt' u 1:9
        format = x:z
        #datapoints = 4
        residuals are weighted equally (unit weight)

function used for fitting: f(x)
	f(x)= a + b*x + c*x**2
fitted parameters initialized with current variable values

iter      chisq       delta/lim  lambda   a             b             c            
   0 1.5012622062e+03   0.00e+00  9.29e+00    1.000000e+00   1.000000e+00   1.000000e+00
   6 6.5155643588e-03  -6.48e-09  9.29e-06    3.627915e+00  -1.171637e+00   1.137892e-01

After 6 iterations the fit converged.
final sum of squares of residuals : 0.00651556
rel. change during last iteration : -6.48302e-14

degrees of freedom    (FIT_NDF)                        : 1
rms of residuals      (FIT_STDFIT) = sqrt(WSSR/ndf)    : 0.080719
variance of residuals (reduced chisquare) = WSSR/ndf   : 0.00651556

Final set of parameters            Asymptotic Standard Error
=======================            ==========================
a               = 3.62791          +/- 0.4633       (12.77%)
b               = -1.17164         +/- 0.2848       (24.31%)
c               = 0.113789         +/- 0.04036      (35.47%)

correlation matrix of the fit parameters:
                a      b      c      
a               1.000 
b              -0.985  1.000 
c               0.958 -0.992  1.000 


*******************************************************************************
Sat Feb 11 15:34:22 2023


FIT:    data read from 'J_points.txt' u 1:2
        format = x:z
        #datapoints = 4
        residuals are weighted equally (unit weight)

function used for fitting: f(x)
	f(x)= a + b*x + c*x**2
fitted parameters initialized with current variable values

iter      chisq       delta/lim  lambda   a             b             c            
   0 7.8097622615e+02   0.00e+00  9.29e+00    1.000000e+00   1.000000e+00   1.000000e+00
   6 1.2316756822e-05  -1.12e-04  9.29e-06    2.013599e+01  -4.072085e+00   2.864350e-01

After 6 iterations the fit converged.
final sum of squares of residuals : 1.23168e-05
rel. change during last iteration : -1.12078e-09

degrees of freedom    (FIT_NDF)                        : 1
rms of residuals      (FIT_STDFIT) = sqrt(WSSR/ndf)    : 0.00350952
variance of residuals (reduced chisquare) = WSSR/ndf   : 1.23168e-05

Final set of parameters            Asymptotic Standard Error
=======================            ==========================
a               = 20.136           +/- 0.02015      (0.1%)
b               = -4.07209         +/- 0.01238      (0.3041%)
c               = 0.286435         +/- 0.001755     (0.6126%)

correlation matrix of the fit parameters:
                a      b      c      
a               1.000 
b              -0.985  1.000 
c               0.958 -0.992  1.000 


*******************************************************************************
Sat Feb 11 15:34:22 2023


FIT:    data read from 'J_points.txt' u 1:3
        format = x:z
        #datapoints = 4
        residuals are weighted equally (unit weight)

function used for fitting: f(x)
	f(x)= a + b*x + c*x**2
fitted parameters initialized with current variable values

iter      chisq       delta/lim  lambda   a             b             c            
   0 7.3942955318e+02   0.00e+00  9.29e+00    1.000000e+00   1.000000e+00   1.000000e+00
   6 9.9765730258e-04  -9.69e-07  9.29e-06    1.738307e+01  -2.676794e+00   1.373318e-01

After 6 iterations the fit converged.
final sum of squares of residuals : 0.000997657
rel. change during last iteration : -9.6851e-12

degrees of freedom    (FIT_NDF)                        : 1
rms of residuals      (FIT_STDFIT) = sqrt(WSSR/ndf)    : 0.0315857
variance of residuals (reduced chisquare) = WSSR/ndf   : 0.000997657

Final set of parameters            Asymptotic Standard Error
=======================            ==========================
a               = 17.3831          +/- 0.1813       (1.043%)
b               = -2.67679         +/- 0.1114       (4.164%)
c               = 0.137332         +/- 0.01579      (11.5%)

correlation matrix of the fit parameters:
                a      b      c      
a               1.000 
b              -0.985  1.000 
c               0.958 -0.992  1.000 


*******************************************************************************
Sat Feb 11 15:34:22 2023


FIT:    data read from 'J_points.txt' u 1:4
        format = x:z
        #datapoints = 4
        residuals are weighted equally (unit weight)

function used for fitting: f(x)
	f(x)= a + b*x + c*x**2
fitted parameters initialized with current variable values

iter      chisq       delta/lim  lambda   a             b             c            
   0 8.3866837258e+02   0.00e+00  9.29e+00    1.000000e+00   1.000000e+00   1.000000e+00
   6 8.3261276117e-03  -7.42e-08  9.29e-06    1.403610e+01  -2.209865e+00   1.255605e-01

After 6 iterations the fit converged.
final sum of squares of residuals : 0.00832613
rel. change during last iteration : -7.41924e-13

degrees of freedom    (FIT_NDF)                        : 1
rms of residuals      (FIT_STDFIT) = sqrt(WSSR/ndf)    : 0.0912476
variance of residuals (reduced chisquare) = WSSR/ndf   : 0.00832613

Final set of parameters            Asymptotic Standard Error
=======================            ==========================
a               = 14.0361          +/- 0.5238       (3.732%)
b               = -2.20987         +/- 0.322        (14.57%)
c               = 0.125561         +/- 0.04562      (36.34%)

correlation matrix of the fit parameters:
                a      b      c      
a               1.000 
b              -0.985  1.000 
c               0.958 -0.992  1.000 


*******************************************************************************
Sat Feb 11 15:34:22 2023


FIT:    data read from 'J_points.txt' u 1:5
        format = x:z
        #datapoints = 4
        residuals are weighted equally (unit weight)

function used for fitting: f(x)
	f(x)= a + b*x + c*x**2
fitted parameters initialized with current variable values

iter      chisq       delta/lim  lambda   a             b             c            
   0 1.0066768887e+03   0.00e+00  9.29e+00    1.000000e+00   1.000000e+00   1.000000e+00
   6 1.9706810915e-04  -5.21e-06  9.29e-06    1.712018e+01  -4.030493e+00   2.825112e-01

After 6 iterations the fit converged.
final sum of squares of residuals : 0.000197068
rel. change during last iteration : -5.21227e-11

degrees of freedom    (FIT_NDF)                        : 1
rms of residuals      (FIT_STDFIT) = sqrt(WSSR/ndf)    : 0.0140381
variance of residuals (reduced chisquare) = WSSR/ndf   : 0.000197068

Final set of parameters            Asymptotic Standard Error
=======================            ==========================
a               = 17.1202          +/- 0.08058      (0.4707%)
b               = -4.03049         +/- 0.04953      (1.229%)
c               = 0.282511         +/- 0.007019     (2.485%)

correlation matrix of the fit parameters:
                a      b      c      
a               1.000 
b              -0.985  1.000 
c               0.958 -0.992  1.000 


*******************************************************************************
Sat Feb 11 15:34:22 2023


FIT:    data read from 'J_points.txt' u 1:6
        format = x:z
        #datapoints = 4
        residuals are weighted equally (unit weight)

function used for fitting: f(x)
	f(x)= a + b*x + c*x**2
fitted parameters initialized with current variable values

iter      chisq       delta/lim  lambda   a             b             c            
   0 9.8046084780e+02   0.00e+00  9.29e+00    1.000000e+00   1.000000e+00   1.000000e+00
   9 7.8886090522e-31   0.00e+00  9.29e-02    1.075112e+01  -1.734305e+00   1.020179e-01

After 9 iterations the fit converged.
final sum of squares of residuals : 7.88861e-31
abs. change during last iteration : 0


Hmmmm.... Sum of squared residuals is zero. Can't compute errors.

Final set of parameters 
======================= 

a               = 10.7511        
b               = -1.7343        
c               = 0.102018       


*******************************************************************************
Sat Feb 11 15:34:22 2023


FIT:    data read from 'J_points.txt' u 1:7
        format = x:z
        #datapoints = 4
        residuals are weighted equally (unit weight)

function used for fitting: f(x)
	f(x)= a + b*x + c*x**2
fitted parameters initialized with current variable values

iter      chisq       delta/lim  lambda   a             b             c            
   0 1.1815691699e+03   0.00e+00  9.29e+00    1.000000e+00   1.000000e+00   1.000000e+00
   6 4.4463492127e-03  -5.61e-08  9.29e-06    8.805717e+00  -1.892040e+00   1.373318e-01

After 6 iterations the fit converged.
final sum of squares of residuals : 0.00444635
rel. change during last iteration : -5.60639e-13

degrees of freedom    (FIT_NDF)                        : 1
rms of residuals      (FIT_STDFIT) = sqrt(WSSR/ndf)    : 0.066681
variance of residuals (reduced chisquare) = WSSR/ndf   : 0.00444635

Final set of parameters            Asymptotic Standard Error
=======================            ==========================
a               = 8.80572          +/- 0.3828       (4.347%)
b               = -1.89204         +/- 0.2353       (12.44%)
c               = 0.137332         +/- 0.03334      (24.28%)

correlation matrix of the fit parameters:
                a      b      c      
a               1.000 
b              -0.985  1.000 
c               0.958 -0.992  1.000 


*******************************************************************************
Sat Feb 11 15:34:22 2023


FIT:    data read from 'J_points.txt' u 1:8
        format = x:z
        #datapoints = 4
        residuals are weighted equally (unit weight)

function used for fitting: f(x)
	f(x)= a + b*x + c*x**2
fitted parameters initialized with current variable values

iter      chisq       delta/lim  lambda   a             b             c            
   0 1.1829036729e+03   0.00e+00  9.29e+00    1.000000e+00   1.000000e+00   1.000000e+00
   6 8.8988568039e-02  -3.34e-09  9.29e-06    8.871637e+00  -2.883969e+00   3.570628e-01

After 6 iterations the fit converged.
final sum of squares of residuals : 0.0889886
rel. change during last iteration : -3.33733e-14

degrees of freedom    (FIT_NDF)                        : 1
rms of residuals      (FIT_STDFIT) = sqrt(WSSR/ndf)    : 0.29831
variance of residuals (reduced chisquare) = WSSR/ndf   : 0.0889886

Final set of parameters            Asymptotic Standard Error
=======================            ==========================
a               = 8.87164          +/- 1.712        (19.3%)
b               = -2.88397         +/- 1.053        (36.5%)
c               = 0.357063         +/- 0.1492       (41.77%)

correlation matrix of the fit parameters:
                a      b      c      
a               1.000 
b              -0.985  1.000 
c               0.958 -0.992  1.000 


*******************************************************************************
Sat Feb 11 15:34:22 2023


FIT:    data read from 'J_points.txt' u 1:9
        format = x:z
        #datapoints = 4
        residuals are weighted equally (unit weight)

function used for fitting: f(x)
	f(x)= a + b*x + c*x**2
fitted parameters initialized with current variable values

iter      chisq       delta/lim  lambda   a             b             c            
   0 1.5012622062e+03   0.00e+00  9.29e+00    1.000000e+00   1.000000e+00   1.000000e+00
   6 6.5155643588e-03  -6.48e-09  9.29e-06    3.627915e+00  -1.171637e+00   1.137892e-01

After 6 iterations the fit converged.
final sum of squares of residuals : 0.00651556
rel. change during last iteration : -6.48302e-14

degrees of freedom    (FIT_NDF)                        : 1
rms of residuals      (FIT_STDFIT) = sqrt(WSSR/ndf)    : 0.080719
variance of residuals (reduced chisquare) = WSSR/ndf   : 0.00651556

Final set of parameters            Asymptotic Standard Error
=======================            ==========================
a               = 3.62791          +/- 0.4633       (12.77%)
b               = -1.17164         +/- 0.2848       (24.31%)
c               = 0.113789         +/- 0.04036      (35.47%)

correlation matrix of the fit parameters:
                a      b      c      
a               1.000 
b              -0.985  1.000 
c               0.958 -0.992  1.000 


*******************************************************************************
Sat Feb 11 15:34:22 2023


FIT:    data read from 'J_points.txt' u 1:10
        format = x:z
        #datapoints = 4
        residuals are weighted equally (unit weight)

function used for fitting: f(x)
	f(x)= a + b*x + c*x**2
fitted parameters initialized with current variable values

iter      chisq       delta/lim  lambda   a             b             c            
   0 1.5323383690e+03   0.00e+00  9.29e+00    1.000000e+00   1.000000e+00   1.000000e+00
   6 2.7712702849e-03  -4.13e-09  9.29e-06    2.193386e+00  -6.395740e-01   5.885650e-02

After 6 iterations the fit converged.
final sum of squares of residuals : 0.00277127
rel. change during last iteration : -4.13138e-14

degrees of freedom    (FIT_NDF)                        : 1
rms of residuals      (FIT_STDFIT) = sqrt(WSSR/ndf)    : 0.0526429
variance of residuals (reduced chisquare) = WSSR/ndf   : 0.00277127

Final set of parameters            Asymptotic Standard Error
=======================            ==========================
a               = 2.19339          +/- 0.3022       (13.78%)
b               = -0.639574        +/- 0.1857       (29.04%)
c               = 0.0588565        +/- 0.02632      (44.72%)

correlation matrix of the fit parameters:
                a      b      c      
a               1.000 
b              -0.985  1.000 
c               0.958 -0.992  1.000 
