

*******************************************************************************
Sat Feb 11 14:58:29 2023


FIT:    data read from 'mag_Tej.txt' u 1:2
        format = x:z
        #datapoints = 6
        residuals are weighted equally (unit weight)

function used for fitting: f(x)
	f(x)= a + b*x + c*x**2
fitted parameters initialized with current variable values

iter      chisq       delta/lim  lambda   a             b             c            
   0 1.0840799281e+03   0.00e+00  7.60e+00    1.000000e+00   1.000000e+00   1.000000e+00
   5 9.2496815836e-05  -4.16e-04  7.60e-05    3.945524e+00   1.178538e-01  -7.465416e-03

After 5 iterations the fit converged.
final sum of squares of residuals : 9.24968e-05
rel. change during last iteration : -4.16042e-09

degrees of freedom    (FIT_NDF)                        : 3
rms of residuals      (FIT_STDFIT) = sqrt(WSSR/ndf)    : 0.00555268
variance of residuals (reduced chisquare) = WSSR/ndf   : 3.08323e-05

Final set of parameters            Asymptotic Standard Error
=======================            ==========================
a               = 3.94552          +/- 0.005033     (0.1276%)
b               = 0.117854         +/- 0.004734     (4.017%)
c               = -0.00746542      +/- 0.0009088    (12.17%)

correlation matrix of the fit parameters:
                a      b      c      
a               1.000 
b              -0.763  1.000 
c               0.602 -0.960  1.000 


*******************************************************************************
Sat Feb 11 14:58:29 2023


FIT:    data read from 'mag_Tej.txt' u 1:3
        format = x:z
        #datapoints = 6
        residuals are weighted equally (unit weight)

function used for fitting: f(x)
	f(x)= a + b*x + c*x**2
fitted parameters initialized with current variable values

iter      chisq       delta/lim  lambda   a             b             c            
   0 1.1020444129e+03   0.00e+00  7.60e+00    1.000000e+00   1.000000e+00   1.000000e+00
   5 1.9831361901e-04  -1.64e-04  7.60e-05    3.685615e+00   1.507216e-01  -1.059125e-02

After 5 iterations the fit converged.
final sum of squares of residuals : 0.000198314
rel. change during last iteration : -1.63998e-09

degrees of freedom    (FIT_NDF)                        : 3
rms of residuals      (FIT_STDFIT) = sqrt(WSSR/ndf)    : 0.00813047
variance of residuals (reduced chisquare) = WSSR/ndf   : 6.61045e-05

Final set of parameters            Asymptotic Standard Error
=======================            ==========================
a               = 3.68561          +/- 0.007369     (0.1999%)
b               = 0.150722         +/- 0.006931     (4.599%)
c               = -0.0105912       +/- 0.001331     (12.56%)

correlation matrix of the fit parameters:
                a      b      c      
a               1.000 
b              -0.763  1.000 
c               0.602 -0.960  1.000 


*******************************************************************************
Sat Feb 11 14:58:29 2023


FIT:    data read from 'mag_Tej.txt' u 1:4
        format = x:z
        #datapoints = 6
        residuals are weighted equally (unit weight)

function used for fitting: f(x)
	f(x)= a + b*x + c*x**2
fitted parameters initialized with current variable values

iter      chisq       delta/lim  lambda   a             b             c            
   0 1.1002443490e+03   0.00e+00  7.60e+00    1.000000e+00   1.000000e+00   1.000000e+00
   5 1.0508609257e-05  -3.23e-03  7.60e-05    3.732435e+00   1.267924e-01  -6.667332e-03

After 5 iterations the fit converged.
final sum of squares of residuals : 1.05086e-05
rel. change during last iteration : -3.22641e-08

degrees of freedom    (FIT_NDF)                        : 3
rms of residuals      (FIT_STDFIT) = sqrt(WSSR/ndf)    : 0.0018716
variance of residuals (reduced chisquare) = WSSR/ndf   : 3.50287e-06

Final set of parameters            Asymptotic Standard Error
=======================            ==========================
a               = 3.73244          +/- 0.001696     (0.04545%)
b               = 0.126792         +/- 0.001596     (1.258%)
c               = -0.00666733      +/- 0.0003063    (4.594%)

correlation matrix of the fit parameters:
                a      b      c      
a               1.000 
b              -0.763  1.000 
c               0.602 -0.960  1.000 


*******************************************************************************
Sat Feb 11 14:58:29 2023


FIT:    data read from 'mag_Tej.txt' u 1:5
        format = x:z
        #datapoints = 6
        residuals are weighted equally (unit weight)

function used for fitting: f(x)
	f(x)= a + b*x + c*x**2
fitted parameters initialized with current variable values

iter      chisq       delta/lim  lambda   a             b             c            
   0 1.0951196505e+03   0.00e+00  7.60e+00    1.000000e+00   1.000000e+00   1.000000e+00
   5 1.2093693943e-03  -2.24e-05  7.60e-05    3.495670e+00   2.571196e-01  -2.169792e-02

After 5 iterations the fit converged.
final sum of squares of residuals : 0.00120937
rel. change during last iteration : -2.23879e-10

degrees of freedom    (FIT_NDF)                        : 3
rms of residuals      (FIT_STDFIT) = sqrt(WSSR/ndf)    : 0.0200779
variance of residuals (reduced chisquare) = WSSR/ndf   : 0.000403123

Final set of parameters            Asymptotic Standard Error
=======================            ==========================
a               = 3.49567          +/- 0.0182       (0.5206%)
b               = 0.25712          +/- 0.01712      (6.657%)
c               = -0.0216979       +/- 0.003286     (15.14%)

correlation matrix of the fit parameters:
                a      b      c      
a               1.000 
b              -0.763  1.000 
c               0.602 -0.960  1.000 


*******************************************************************************
Sat Feb 11 14:58:29 2023


FIT:    data read from 'mag_Tej.txt' u 1:6
        format = x:z
        #datapoints = 6
        residuals are weighted equally (unit weight)

function used for fitting: f(x)
	f(x)= a + b*x + c*x**2
fitted parameters initialized with current variable values

iter      chisq       delta/lim  lambda   a             b             c            
   0 1.0877584197e+03   0.00e+00  7.60e+00    1.000000e+00   1.000000e+00   1.000000e+00
   5 2.5632460989e-04  -1.44e-04  7.60e-05    3.888461e+00   1.339884e-01  -1.005919e-02

After 5 iterations the fit converged.
final sum of squares of residuals : 0.000256325
rel. change during last iteration : -1.44164e-09

degrees of freedom    (FIT_NDF)                        : 3
rms of residuals      (FIT_STDFIT) = sqrt(WSSR/ndf)    : 0.00924346
variance of residuals (reduced chisquare) = WSSR/ndf   : 8.54415e-05

Final set of parameters            Asymptotic Standard Error
=======================            ==========================
a               = 3.88846          +/- 0.008378     (0.2154%)
b               = 0.133988         +/- 0.00788      (5.881%)
c               = -0.0100592       +/- 0.001513     (15.04%)

correlation matrix of the fit parameters:
                a      b      c      
a               1.000 
b              -0.763  1.000 
c               0.602 -0.960  1.000 
