

*******************************************************************************
Wed Feb  8 18:03:48 2023


FIT:    data read from 'mag_moments.txt' u 1:2
        format = x:z
        #datapoints = 4
        residuals are weighted equally (unit weight)

function used for fitting: f(x)
	f(x)= a + b*x + c*x**2
fitted parameters initialized with current variable values

iter      chisq       delta/lim  lambda   a             b             c            
   0 1.6183090107e+04   0.00e+00  3.46e+01    1.000000e+00   1.000000e+00   1.000000e+00
   6 8.4500000000e-04  -1.09e-09  3.46e-05    3.676500e+00   1.085014e-01  -4.360139e-03

After 6 iterations the fit converged.
final sum of squares of residuals : 0.000845
rel. change during last iteration : -1.09062e-14

degrees of freedom    (FIT_NDF)                        : 1
rms of residuals      (FIT_STDFIT) = sqrt(WSSR/ndf)    : 0.0290689
variance of residuals (reduced chisquare) = WSSR/ndf   : 0.000845

Final set of parameters            Asymptotic Standard Error
=======================            ==========================
a               = 3.6765           +/- 0.02833      (0.7706%)
b               = 0.108501         +/- 0.01311      (12.08%)
c               = -0.00436014      +/- 0.001207     (27.68%)

correlation matrix of the fit parameters:
                a      b      c      
a               1.000 
b              -0.688  1.000 
c               0.513 -0.958  1.000 


*******************************************************************************
Wed Feb  8 18:03:48 2023


FIT:    data read from 'mag_moments.txt' u 1:3
        format = x:z
        #datapoints = 4
        residuals are weighted equally (unit weight)

function used for fitting: f(x)
	f(x)= a + b*x + c*x**2
fitted parameters initialized with current variable values

iter      chisq       delta/lim  lambda   a             b             c            
   0 1.6205233427e+04   0.00e+00  3.46e+01    1.000000e+00   1.000000e+00   1.000000e+00
   6 7.2000000000e-04  -1.01e-09  3.46e-05    3.486000e+00   1.285303e-01  -4.983016e-03

After 6 iterations the fit converged.
final sum of squares of residuals : 0.00072
rel. change during last iteration : -1.00891e-14

degrees of freedom    (FIT_NDF)                        : 1
rms of residuals      (FIT_STDFIT) = sqrt(WSSR/ndf)    : 0.0268328
variance of residuals (reduced chisquare) = WSSR/ndf   : 0.00072

Final set of parameters            Asymptotic Standard Error
=======================            ==========================
a               = 3.486            +/- 0.02615      (0.7502%)
b               = 0.12853          +/- 0.0121       (9.417%)
c               = -0.00498302      +/- 0.001114     (22.36%)

correlation matrix of the fit parameters:
                a      b      c      
a               1.000 
b              -0.688  1.000 
c               0.513 -0.958  1.000 


*******************************************************************************
Wed Feb  8 18:03:48 2023


FIT:    data read from 'mag_moments.txt' u 1:4
        format = x:z
        #datapoints = 4
        residuals are weighted equally (unit weight)

function used for fitting: f(x)
	f(x)= a + b*x + c*x**2
fitted parameters initialized with current variable values

iter      chisq       delta/lim  lambda   a             b             c            
   0 1.9454340919e+04   0.00e+00  3.46e+01    1.000000e+00   1.000000e+00   1.000000e+00
   6 1.2800000000e-03  -7.28e-10  3.46e-05   -3.388000e+00  -1.550432e-01   6.644022e-03

After 6 iterations the fit converged.
final sum of squares of residuals : 0.00128
rel. change during last iteration : -7.28448e-15

degrees of freedom    (FIT_NDF)                        : 1
rms of residuals      (FIT_STDFIT) = sqrt(WSSR/ndf)    : 0.0357771
variance of residuals (reduced chisquare) = WSSR/ndf   : 0.00128

Final set of parameters            Asymptotic Standard Error
=======================            ==========================
a               = -3.388           +/- 0.03487      (1.029%)
b               = -0.155043        +/- 0.01614      (10.41%)
c               = 0.00664402       +/- 0.001486     (22.36%)

correlation matrix of the fit parameters:
                a      b      c      
a               1.000 
b              -0.688  1.000 
c               0.513 -0.958  1.000 


*******************************************************************************
Wed Feb  8 18:03:48 2023


FIT:    data read from 'mag_moments.txt' u 1:5
        format = x:z
        #datapoints = 4
        residuals are weighted equally (unit weight)

function used for fitting: f(x)
	f(x)= a + b*x + c*x**2
fitted parameters initialized with current variable values

iter      chisq       delta/lim  lambda   a             b             c            
   0 1.6465159111e+04   0.00e+00  3.46e+01    1.000000e+00   1.000000e+00   1.000000e+00
   5 1.3612500000e+01  -2.73e-03  3.46e-04   -4.125000e+00   6.988473e-01   1.868631e-02

After 5 iterations the fit converged.
final sum of squares of residuals : 13.6125
rel. change during last iteration : -2.7297e-08

degrees of freedom    (FIT_NDF)                        : 1
rms of residuals      (FIT_STDFIT) = sqrt(WSSR/ndf)    : 3.68951
variance of residuals (reduced chisquare) = WSSR/ndf   : 13.6125

Final set of parameters            Asymptotic Standard Error
=======================            ==========================
a               = -4.125           +/- 3.596        (87.18%)
b               = 0.698847         +/- 1.664        (238.1%)
c               = 0.0186863        +/- 0.1532       (819.9%)

correlation matrix of the fit parameters:
                a      b      c      
a               1.000 
b              -0.688  1.000 
c               0.513 -0.958  1.000 


*******************************************************************************
Wed Feb  8 18:03:48 2023


FIT:    data read from 'mag_moments.txt' u 1:6
        format = x:z
        #datapoints = 4
        residuals are weighted equally (unit weight)

function used for fitting: f(x)
	f(x)= a + b*x + c*x**2
fitted parameters initialized with current variable values

iter      chisq       delta/lim  lambda   a             b             c            
   0 1.6177488511e+04   0.00e+00  3.46e+01    1.000000e+00   1.000000e+00   1.000000e+00
   6 6.0500000000e-04  -2.63e-09  3.46e-05    3.685500e+00   1.053314e-01  -3.944888e-03

After 6 iterations the fit converged.
final sum of squares of residuals : 0.000605
rel. change during last iteration : -2.63434e-14

degrees of freedom    (FIT_NDF)                        : 1
rms of residuals      (FIT_STDFIT) = sqrt(WSSR/ndf)    : 0.0245967
variance of residuals (reduced chisquare) = WSSR/ndf   : 0.000605

Final set of parameters            Asymptotic Standard Error
=======================            ==========================
a               = 3.6855           +/- 0.02397      (0.6505%)
b               = 0.105331         +/- 0.0111       (10.53%)
c               = -0.00394489      +/- 0.001021     (25.89%)

correlation matrix of the fit parameters:
                a      b      c      
a               1.000 
b              -0.688  1.000 
c               0.513 -0.958  1.000 
